<?xml version="1.0" encoding="UTF-8"?>
<!-- Generated by org.testng.reporters.JUnitReportReporter -->
<testsuite hostname="LAPTOP-IQFV30MA" name="utils.ExcelUtils" tests="1" failures="0" timestamp="28 Aug 2020 18:16:30 GMT" time="102.585" errors="0">
  <testcase name="Test" time="102.585" classname="utils.ExcelUtils"/>
</testsuite> <!-- utils.ExcelUtils -->
