<?xml version="1.0" encoding="UTF-8"?>
<!-- Generated by org.testng.reporters.JUnitReportReporter -->
<testsuite hostname="LAPTOP-IQFV30MA" name="TestNGpriority.TestNGpriorityclass" tests="3" failures="0" timestamp="7 Jul 2020 19:49:12 GMT" time="0.022" errors="0">
  <testcase name="test3" time="0.002" classname="TestNGpriority.TestNGpriorityclass"/>
  <testcase name="test1" time="0.003" classname="TestNGpriority.TestNGpriorityclass"/>
  <testcase name="test2" time="0.017" classname="TestNGpriority.TestNGpriorityclass"/>
</testsuite> <!-- TestNGpriority.TestNGpriorityclass -->
