<?xml version="1.0" encoding="UTF-8"?>
<!-- Generated by org.testng.reporters.JUnitReportReporter -->
<testsuite hostname="LAPTOP-IQFV30MA" name="DragAndDropActions" tests="1" failures="0" timestamp="16 Aug 2020 12:46:47 GMT" time="26.349" errors="0">
  <testcase name="DragAndDropMethod" time="26.349" classname="DragAndDropActions"/>
</testsuite> <!-- DragAndDropActions -->
