<?xml version="1.0" encoding="UTF-8"?>
<!-- Generated by org.testng.reporters.JUnitReportReporter -->
<testsuite hostname="LAPTOP-IQFV30MA" name="Myallytest2TestNGtest" tests="1" failures="0" timestamp="9 Aug 2020 12:32:11 GMT" time="12.817" errors="0">
  <testcase name="Myallysignin" time="12.817" classname="Myallytest2TestNGtest"/>
</testsuite> <!-- Myallytest2TestNGtest -->
