<?xml version="1.0" encoding="UTF-8"?>
<!-- Generated by org.testng.reporters.JUnitReportReporter -->
<testsuite hostname="LAPTOP-IQFV30MA" name="Myallytest2TestNGtest" tests="1" failures="0" timestamp="5 Jul 2020 14:46:02 GMT" time="9.190" errors="0">
  <testcase name="Myallysignin" time="9.190" classname="Myallytest2TestNGtest"/>
</testsuite> <!-- Myallytest2TestNGtest -->
