<?xml version="1.0" encoding="UTF-8"?>
<!-- Generated by org.testng.reporters.JUnitReportReporter -->
<testsuite hostname="LAPTOP-IQFV30MA" name="TestNGMultiBrowserDemo" tests="1" failures="0" timestamp="7 Jul 2020 20:27:45 GMT" time="0.012" errors="0">
  <testcase name="test1" time="0.012" classname="TestNGMultiBrowserDemo"/>
</testsuite> <!-- TestNGMultiBrowserDemo -->
